Using pre-set license
Built from '2021.1/release' branch; Version is '2021.1.10f1 (b15f561b2cef) revision 11624278'; Using compiler version '192528614'; Build Type 'Release'
OS: 'Windows 10 Home Single Language; OS build 19041.985; Version 2004; 64bit' Language: 'es' Physical Memory: 32575 MB
BatchMode: 1, IsHumanControllingUs: 0, StartBugReporterOnCrash: 0, Is64bit: 1, IsPro: 0

 COMMAND LINE ARGUMENTS:
C:\Program Files\Unity\Hub\Editor\2021.1.10f1\Editor\Unity.exe
-adb2
-batchMode
-noUpm
-name
AssetImportWorker0
-projectPath
D:/home/Documentos/proyectos/unity/GMTK_jam_2021
-logFile
Logs/AssetImportWorker0.log
-srvPort
56628
Successfully changed project path to: D:/home/Documentos/proyectos/unity/GMTK_jam_2021
D:/home/Documentos/proyectos/unity/GMTK_jam_2021
Using Asset Import Pipeline V2.
Refreshing native plugins compatible for Editor in 101.80 ms, found 2 plugins.
Preloading 0 native plugins for Editor in 0.00 ms.
Initialize engine version: 2021.1.10f1 (b15f561b2cef)
[Subsystems] Discovering subsystems at path C:/Program Files/Unity/Hub/Editor/2021.1.10f1/Editor/Data/Resources/UnitySubsystems
[Subsystems] Discovering subsystems at path D:/home/Documentos/proyectos/unity/GMTK_jam_2021/Assets
GfxDevice: creating device client; threaded=0; jobified=0
Direct3D:
    Version:  Direct3D 11.0 [level 11.1]
    Renderer: NVIDIA GeForce RTX 2060 (ID=0x1f11)
    Vendor:   NVIDIA
    VRAM:     5980 MB
    Driver:   26.21.14.4193
Initialize mono
Mono path[0] = 'C:/Program Files/Unity/Hub/Editor/2021.1.10f1/Editor/Data/Managed'
Mono path[1] = 'C:/Program Files/Unity/Hub/Editor/2021.1.10f1/Editor/Data/MonoBleedingEdge/lib/mono/unityjit'
Mono config path = 'C:/Program Files/Unity/Hub/Editor/2021.1.10f1/Editor/Data/MonoBleedingEdge/etc'
Using monoOptions --debugger-agent=transport=dt_socket,embedding=1,server=y,suspend=n,address=127.0.0.1:56976
Begin MonoManager ReloadAssembly
Registering precompiled unity dll's ...
Register platform support module: C:/Program Files/Unity/Hub/Editor/2021.1.10f1/Editor/Data/PlaybackEngines/WindowsStandaloneSupport/UnityEditor.WindowsStandalone.Extensions.dll
Registered in 0.002526 seconds.
Native extension for WindowsStandalone target not found
Refreshing native plugins compatible for Editor in 89.94 ms, found 2 plugins.
Preloading 0 native plugins for Editor in 0.00 ms.
Mono: successfully reloaded assembly
- Completed reload, in  1.613 seconds
Domain Reload Profiling:
	ReloadAssembly (1613ms)
		BeginReloadAssembly (77ms)
			ExecutionOrderSort (0ms)
			DisableScriptedObjects (0ms)
			BackupInstance (0ms)
			ReleaseScriptingObjects (0ms)
			CreateAndSetChildDomain (1ms)
		EndReloadAssembly (580ms)
			LoadAssemblies (72ms)
			RebuildTransferFunctionScriptingTraits (0ms)
			SetupTypeCache (213ms)
			ReleaseScriptCaches (0ms)
			RebuildScriptCaches (38ms)
			SetupLoadedEditorAssemblies (270ms)
				LogAssemblyErrors (0ms)
				InitializePlatformSupportModulesInManaged (7ms)
				SetLoadedEditorAssemblies (0ms)
				RefreshPlugins (90ms)
				BeforeProcessingInitializeOnLoad (2ms)
				ProcessInitializeOnLoadAttributes (132ms)
				ProcessInitializeOnLoadMethodAttributes (38ms)
				AfterProcessingInitializeOnLoad (0ms)
				EditorAssembliesLoaded (0ms)
			ExecutionOrderSort2 (0ms)
			AwakeInstancesAfterBackupRestoration (0ms)
Platform modules already initialized, skipping
Registering precompiled user dll's ...
Registered in 0.005172 seconds.
Begin MonoManager ReloadAssembly
Native extension for WindowsStandalone target not found
Refreshing native plugins compatible for Editor in 88.36 ms, found 2 plugins.
Preloading 0 native plugins for Editor in 0.00 ms.
Mono: successfully reloaded assembly
- Completed reload, in  2.335 seconds
Domain Reload Profiling:
	ReloadAssembly (2336ms)
		BeginReloadAssembly (187ms)
			ExecutionOrderSort (0ms)
			DisableScriptedObjects (7ms)
			BackupInstance (0ms)
			ReleaseScriptingObjects (0ms)
			CreateAndSetChildDomain (27ms)
		EndReloadAssembly (2066ms)
			LoadAssemblies (105ms)
			RebuildTransferFunctionScriptingTraits (0ms)
			SetupTypeCache (399ms)
			ReleaseScriptCaches (1ms)
			RebuildScriptCaches (70ms)
			SetupLoadedEditorAssemblies (1352ms)
				LogAssemblyErrors (0ms)
				InitializePlatformSupportModulesInManaged (5ms)
				SetLoadedEditorAssemblies (0ms)
				RefreshPlugins (88ms)
				BeforeProcessingInitializeOnLoad (76ms)
				ProcessInitializeOnLoadAttributes (1130ms)
				ProcessInitializeOnLoadMethodAttributes (42ms)
				AfterProcessingInitializeOnLoad (10ms)
				EditorAssembliesLoaded (0ms)
			ExecutionOrderSort2 (0ms)
			AwakeInstancesAfterBackupRestoration (8ms)
Platform modules already initialized, skipping
========================================================================
Worker process is ready to serve import requests
Launched and connected shader compiler UnityShaderCompiler.exe after 0.05 seconds
Refreshing native plugins compatible for Editor in 1.10 ms, found 2 plugins.
Preloading 0 native plugins for Editor in 0.00 ms.
Unloading 2785 Unused Serialized files (Serialized files now loaded: 0)
System memory in use before: 117.8 MB.
System memory in use after: 118.0 MB.

Unloading 60 unused Assets to reduce memory usage. Loaded Objects now: 3213.
Total: 8.584500 ms (FindLiveObjects: 0.346400 ms CreateObjectMapping: 0.109900 ms MarkObjects: 8.072400 ms  DeleteObjects: 0.054000 ms)

AssetImportParameters requested are different than current active one (requested -> active):
  custom:framework-win-MediaFoundation: 216162199b28c13a410421893ffa2e32 -> 
  custom:video-decoder-ogg-theora: a1e56fd34408186e4bbccfd4996cb3dc -> 
  custom:container-muxer-webm: aa71ff27fc2769a1b78a27578f13a17b -> 
  custom:container-demuxer-webm: 4f35f7cbe854078d1ac9338744f61a02 -> 
  custom:container-demuxer-ogg: 62fdf1f143b41e24485cea50d1cbac27 -> 
  custom:video-encoder-webm-vp8: eb34c28f22e8b96e1ab97ce403110664 -> 
  custom:video-codec-MediaFoundation-h265: 746d11721c4dcdbdad8f713fa42b33f4 -> 
  custom:video-decoder-webm-vp8: 9c59270c3fd7afecdb556c50c9e8de78 -> 
  custom:audio-decoder-ogg-vorbis: bf7c407c2cedff20999df2af8eb42d56 -> 
  custom:audio-encoder-webm-vorbis: bf7c407c2cedff20999df2af8eb42d56 -> 
========================================================================
Received Import Request.
  path: Assets/Resources
  artifactKey: Guid(612862811f6bc7f40959503005ce56f9) Importer(815301076,1909f56bfc062723c751e8b465ee728b)
Start importing Assets/Resources using Guid(612862811f6bc7f40959503005ce56f9) Importer(815301076,1909f56bfc062723c751e8b465ee728b)  -> (artifact id: 'cde69b103e56fe06537a511664cf70d1') in 0.013203 seconds 
========================================================================
Received Import Request.
  Time since last request: 0.000289 seconds.
  path: Assets/Resources/fight
  artifactKey: Guid(38f9b114979ee6dfd93be17094d02ee0) Importer(815301076,1909f56bfc062723c751e8b465ee728b)
Start importing Assets/Resources/fight using Guid(38f9b114979ee6dfd93be17094d02ee0) Importer(815301076,1909f56bfc062723c751e8b465ee728b)  -> (artifact id: '114f438a9ef61448ece07841cc3f6ae6') in 0.007190 seconds 
========================================================================
Received Import Request.
  Time since last request: 0.000244 seconds.
  path: Assets/Resources/scene test
  artifactKey: Guid(1a4d9a973f081be42b339816057fdb5c) Importer(815301076,1909f56bfc062723c751e8b465ee728b)
Start importing Assets/Resources/scene test using Guid(1a4d9a973f081be42b339816057fdb5c) Importer(815301076,1909f56bfc062723c751e8b465ee728b)  -> (artifact id: '87d4e3215e2997ada17de2512a368fae') in 0.008602 seconds 
========================================================================
Received Import Request.
  Time since last request: 0.879962 seconds.
  path: Assets/Resources/aventure_time
  artifactKey: Guid(7b7e00387487b5b4980ec977f93069f1) Importer(815301076,1909f56bfc062723c751e8b465ee728b)
Start importing Assets/Resources/aventure_time using Guid(7b7e00387487b5b4980ec977f93069f1) Importer(815301076,1909f56bfc062723c751e8b465ee728b)  -> (artifact id: 'b2fee04637ed3ee5a3015185f5ab7881') in 0.008838 seconds 
========================================================================
Received Import Request.
  Time since last request: 3.537571 seconds.
  path: Assets/Resources/aventure_time/scene
  artifactKey: Guid(a88b579cbd366d549a99a5c72c40f72a) Importer(815301076,1909f56bfc062723c751e8b465ee728b)
Start importing Assets/Resources/aventure_time/scene using Guid(a88b579cbd366d549a99a5c72c40f72a) Importer(815301076,1909f56bfc062723c751e8b465ee728b)  -> (artifact id: 'f8ebd30fe4ffda7e40307c4e2e6696f1') in 0.009923 seconds 
========================================================================
Received Import Request.
  Time since last request: 1.034715 seconds.
  path: Assets/Resources/aventure_time/scene/init.unity
  artifactKey: Guid(07e255c79380e0c4983400b8f3741998) Importer(815301076,1909f56bfc062723c751e8b465ee728b)
Start importing Assets/Resources/aventure_time/scene/init.unity using Guid(07e255c79380e0c4983400b8f3741998) Importer(815301076,1909f56bfc062723c751e8b465ee728b)  -> (artifact id: '8168ec97dee8e59f79c7c4e69d800240') in 0.018639 seconds 
========================================================================
Received Import Request.
  Time since last request: 51.595743 seconds.
  path: Assets/Resources/aventure_time/script
  artifactKey: Guid(d4b78bc0d79e65b4aad228f78f1d53ef) Importer(815301076,1909f56bfc062723c751e8b465ee728b)
Start importing Assets/Resources/aventure_time/script using Guid(d4b78bc0d79e65b4aad228f78f1d53ef) Importer(815301076,1909f56bfc062723c751e8b465ee728b)  -> (artifact id: 'e6b3191c6f10e1496ab2ee52e1b29978') in 0.010857 seconds 
========================================================================
Received Import Request.
  Time since last request: 1.000846 seconds.
  path: Assets/Resources/aventure_time/script/dialog
  artifactKey: Guid(df48160fab8dd6d43864fcf6b51942c1) Importer(815301076,1909f56bfc062723c751e8b465ee728b)
Start importing Assets/Resources/aventure_time/script/dialog using Guid(df48160fab8dd6d43864fcf6b51942c1) Importer(815301076,1909f56bfc062723c751e8b465ee728b)  -> (artifact id: '3443416adeb531a614525a7c6d4f69e9') in 0.009183 seconds 
========================================================================
Received Import Request.
  Time since last request: 2.191917 seconds.
  path: Assets/Resources/aventure_time/script/dialog/Bubble_dialog.cs
  artifactKey: Guid(10362b4cf4074204a9ce7675609a22e1) Importer(815301076,1909f56bfc062723c751e8b465ee728b)
Start importing Assets/Resources/aventure_time/script/dialog/Bubble_dialog.cs using Guid(10362b4cf4074204a9ce7675609a22e1) Importer(815301076,1909f56bfc062723c751e8b465ee728b)  -> (artifact id: '1dedb7cf2627973daf7c98bd2cdc8988') in 0.030811 seconds 
========================================================================
Received Import Request.
  Time since last request: 2.391103 seconds.
  path: Assets/Resources/aventure_time/script/dialog/objects
  artifactKey: Guid(93c727959094e3b4aafcad7d3179e7e2) Importer(815301076,1909f56bfc062723c751e8b465ee728b)
Start importing Assets/Resources/aventure_time/script/dialog/objects using Guid(93c727959094e3b4aafcad7d3179e7e2) Importer(815301076,1909f56bfc062723c751e8b465ee728b)  -> (artifact id: '710c757ead12c666322550245bffe008') in 0.009838 seconds 
========================================================================
Received Import Request.
  Time since last request: 0.544695 seconds.
  path: Assets/Resources/aventure_time/script/dialog/objects/Dialogue.cs
  artifactKey: Guid(6a8f23c10f864ad41a27d44a41dec904) Importer(815301076,1909f56bfc062723c751e8b465ee728b)
Start importing Assets/Resources/aventure_time/script/dialog/objects/Dialogue.cs using Guid(6a8f23c10f864ad41a27d44a41dec904) Importer(815301076,1909f56bfc062723c751e8b465ee728b)  -> (artifact id: '544ce1e930bd45bba5301b9d3be550a2') in 0.009245 seconds 
========================================================================
Received Import Request.
  Time since last request: 4.952769 seconds.
  path: Assets/Resources/aventure_time/dialog
  artifactKey: Guid(ac568cd9f83045a4eb05f39a64483618) Importer(815301076,1909f56bfc062723c751e8b465ee728b)
Start importing Assets/Resources/aventure_time/dialog using Guid(ac568cd9f83045a4eb05f39a64483618) Importer(815301076,1909f56bfc062723c751e8b465ee728b)  -> (artifact id: 'c51268bcfbd7775bea0462f4861ece6f') in 0.003124 seconds 
========================================================================
Received Import Request.
  Time since last request: 0.076410 seconds.
  path: Assets/Resources/aventure_time/dialog/dias nublados.asset
  artifactKey: Guid(e93111addf400e344aa8f81f99e59426) Importer(815301076,1909f56bfc062723c751e8b465ee728b)
Start importing Assets/Resources/aventure_time/dialog/dias nublados.asset using Guid(e93111addf400e344aa8f81f99e59426) Importer(815301076,1909f56bfc062723c751e8b465ee728b)  -> (artifact id: 'ca0f3e3d43033fdfb71ffa2936b2c18c') in 0.015971 seconds 
========================================================================
Received Import Request.
  Time since last request: 0.442531 seconds.
  path: Assets/Resources/aventure_time/dialog/dias nublados
  artifactKey: Guid(016c103822ecf0e45ba2f49ba236b31f) Importer(815301076,1909f56bfc062723c751e8b465ee728b)
Start importing Assets/Resources/aventure_time/dialog/dias nublados using Guid(016c103822ecf0e45ba2f49ba236b31f) Importer(815301076,1909f56bfc062723c751e8b465ee728b)  -> (artifact id: 'b1f8174da3b287f29ba6193cea34cb81') in 0.003210 seconds 
========================================================================
Received Import Request.
  Time since last request: 5.510242 seconds.
  path: Assets/Resources/aventure_time/dialog/dias nublados/t1.asset
  artifactKey: Guid(47c4ff1585bdd044b91541eb72072e1e) Importer(815301076,1909f56bfc062723c751e8b465ee728b)
Start importing Assets/Resources/aventure_time/dialog/dias nublados/t1.asset using Guid(47c4ff1585bdd044b91541eb72072e1e) Importer(815301076,1909f56bfc062723c751e8b465ee728b)  -> (artifact id: '0603821347670b13b1f986dd8f72f7d9') in 0.010260 seconds 
========================================================================
Received Import Request.
  Time since last request: 0.000296 seconds.
  path: Assets/Resources/aventure_time/dialog/dias nublados/t5.asset
  artifactKey: Guid(e3136e456c84e584994c5cce2b150a6b) Importer(815301076,1909f56bfc062723c751e8b465ee728b)
Start importing Assets/Resources/aventure_time/dialog/dias nublados/t5.asset using Guid(e3136e456c84e584994c5cce2b150a6b) Importer(815301076,1909f56bfc062723c751e8b465ee728b)  -> (artifact id: '18ba1a90a9cddffa24d968e8ac4bac59') in 0.010882 seconds 
========================================================================
Received Import Request.
  Time since last request: 0.000335 seconds.
  path: Assets/Resources/aventure_time/dialog/dias nublados/t7.asset
  artifactKey: Guid(734eb29621afced4da05283ede8e68c7) Importer(815301076,1909f56bfc062723c751e8b465ee728b)
Start importing Assets/Resources/aventure_time/dialog/dias nublados/t7.asset using Guid(734eb29621afced4da05283ede8e68c7) Importer(815301076,1909f56bfc062723c751e8b465ee728b)  -> (artifact id: '777a5f77b76ceee0c89cc88eed4d6d5a') in 0.011409 seconds 
========================================================================
Received Import Request.
  Time since last request: 0.000289 seconds.
  path: Assets/Resources/aventure_time/dialog/dias nublados/t2.asset
  artifactKey: Guid(33997f6b626e78f4e8b978b563c30781) Importer(815301076,1909f56bfc062723c751e8b465ee728b)
Start importing Assets/Resources/aventure_time/dialog/dias nublados/t2.asset using Guid(33997f6b626e78f4e8b978b563c30781) Importer(815301076,1909f56bfc062723c751e8b465ee728b)  -> (artifact id: '51fad694bc61182013750e6384540c86') in 0.011476 seconds 
========================================================================
Received Import Request.
  Time since last request: 0.000303 seconds.
  path: Assets/Resources/aventure_time/dialog/dias nublados/t8.asset
  artifactKey: Guid(a041a8764a23afc47b273d20f8331ce6) Importer(815301076,1909f56bfc062723c751e8b465ee728b)
Start importing Assets/Resources/aventure_time/dialog/dias nublados/t8.asset using Guid(a041a8764a23afc47b273d20f8331ce6) Importer(815301076,1909f56bfc062723c751e8b465ee728b)  -> (artifact id: 'f62831d144abc4a1f19872ac13f36a01') in 0.010070 seconds 
========================================================================
Received Import Request.
  Time since last request: 0.000347 seconds.
  path: Assets/Resources/aventure_time/dialog/dias nublados/t4.asset
  artifactKey: Guid(38b36960c33e20f489db8de37d9da19e) Importer(815301076,1909f56bfc062723c751e8b465ee728b)
Start importing Assets/Resources/aventure_time/dialog/dias nublados/t4.asset using Guid(38b36960c33e20f489db8de37d9da19e) Importer(815301076,1909f56bfc062723c751e8b465ee728b)  -> (artifact id: '2f64058853e380b60d07ab0a54db17b9') in 0.011391 seconds 
========================================================================
Received Import Request.
  Time since last request: 0.000311 seconds.
  path: Assets/Resources/aventure_time/dialog/dias nublados/t10.asset
  artifactKey: Guid(b02e788b3d06e40478e1ff6a162e8cdb) Importer(815301076,1909f56bfc062723c751e8b465ee728b)
Start importing Assets/Resources/aventure_time/dialog/dias nublados/t10.asset using Guid(b02e788b3d06e40478e1ff6a162e8cdb) Importer(815301076,1909f56bfc062723c751e8b465ee728b)  -> (artifact id: '6aa68e358704860314b0f055f080937f') in 0.010050 seconds 
========================================================================
Received Import Request.
  Time since last request: 0.000274 seconds.
  path: Assets/Resources/aventure_time/dialog/dias nublados/t6.asset
  artifactKey: Guid(b1366eafb671d6841b332b2b16cfd055) Importer(815301076,1909f56bfc062723c751e8b465ee728b)
Start importing Assets/Resources/aventure_time/dialog/dias nublados/t6.asset using Guid(b1366eafb671d6841b332b2b16cfd055) Importer(815301076,1909f56bfc062723c751e8b465ee728b)  -> (artifact id: '175f6b5cac0baee9951f8b48cf5178f2') in 0.011405 seconds 
========================================================================
Received Import Request.
  Time since last request: 0.000283 seconds.
  path: Assets/Resources/aventure_time/dialog/dias nublados/t3.asset
  artifactKey: Guid(29b04d7bc23da2d48bf3bd5408658854) Importer(815301076,1909f56bfc062723c751e8b465ee728b)
Start importing Assets/Resources/aventure_time/dialog/dias nublados/t3.asset using Guid(29b04d7bc23da2d48bf3bd5408658854) Importer(815301076,1909f56bfc062723c751e8b465ee728b)  -> (artifact id: '6ed26143b4a633e29f5fa0e5a845d3f2') in 0.010813 seconds 
========================================================================
Received Import Request.
  Time since last request: 0.000320 seconds.
  path: Assets/Resources/aventure_time/dialog/dias nublados/t9.asset
  artifactKey: Guid(f70269e17af02e1458a3544ead6a73ff) Importer(815301076,1909f56bfc062723c751e8b465ee728b)
Start importing Assets/Resources/aventure_time/dialog/dias nublados/t9.asset using Guid(f70269e17af02e1458a3544ead6a73ff) Importer(815301076,1909f56bfc062723c751e8b465ee728b)  -> (artifact id: '862d76128fa1681e5f1ddb921a4f71ed') in 0.009664 seconds 
========================================================================
Received Import Request.
  Time since last request: 70.974053 seconds.
  path: Assets/fonts
  artifactKey: Guid(8520362cbde1f4e76afcdf7211999a85) Importer(815301076,1909f56bfc062723c751e8b465ee728b)
Start importing Assets/fonts using Guid(8520362cbde1f4e76afcdf7211999a85) Importer(815301076,1909f56bfc062723c751e8b465ee728b)  -> (artifact id: '1b57424bfb1c711cea4e598139f50066') in 0.009282 seconds 
========================================================================
Received Import Request.
  Time since last request: 4.694731 seconds.
  path: Assets/Resources/SMKD
  artifactKey: Guid(5d60ff81095ee8646bdb5cafcdc3a3ea) Importer(815301076,1909f56bfc062723c751e8b465ee728b)
Start importing Assets/Resources/SMKD using Guid(5d60ff81095ee8646bdb5cafcdc3a3ea) Importer(815301076,1909f56bfc062723c751e8b465ee728b)  -> (artifact id: 'dbaeb27c06b61ddfb5c8fdbe9008d414') in 1.889324 seconds 
========================================================================
Received Import Request.
  Time since last request: 1.290098 seconds.
  path: Assets/Resources/platformer
  artifactKey: Guid(cce68837058a26f5ea916890bfe3fa1a) Importer(815301076,1909f56bfc062723c751e8b465ee728b)
Start importing Assets/Resources/platformer using Guid(cce68837058a26f5ea916890bfe3fa1a) Importer(815301076,1909f56bfc062723c751e8b465ee728b)  -> (artifact id: '4a056d6fea28eba1df331e257e61cedb') in 0.009329 seconds 
========================================================================
Received Import Request.
  Time since last request: 0.055573 seconds.
  path: Assets/Resources/platformer/platformer.inputactions
  artifactKey: Guid(504ab28e50687a741b3e4228fdfc0904) Importer(815301076,1909f56bfc062723c751e8b465ee728b)
Start importing Assets/Resources/platformer/platformer.inputactions using Guid(504ab28e50687a741b3e4228fdfc0904) Importer(815301076,1909f56bfc062723c751e8b465ee728b)  -> (artifact id: 'd0e85e5ee6a4138bcb2632e9f05991d9') in 0.021107 seconds 
========================================================================
Received Import Request.
  Time since last request: 2.097732 seconds.
  path: Assets/Resources/platformer/scene
  artifactKey: Guid(a9626bf9f219f9e68be194573f42913a) Importer(815301076,1909f56bfc062723c751e8b465ee728b)
Start importing Assets/Resources/platformer/scene using Guid(a9626bf9f219f9e68be194573f42913a) Importer(815301076,1909f56bfc062723c751e8b465ee728b)  -> (artifact id: '3f445ce41cf98923ecd065f1986598df') in 0.003410 seconds 
========================================================================
Received Import Request.
  Time since last request: 1.896382 seconds.
  path: Assets/Resources/platformer/scene/init.unity
  artifactKey: Guid(b22275452bacc7e7084e8104914ead57) Importer(815301076,1909f56bfc062723c751e8b465ee728b)
Start importing Assets/Resources/platformer/scene/init.unity using Guid(b22275452bacc7e7084e8104914ead57) Importer(815301076,1909f56bfc062723c751e8b465ee728b)  -> (artifact id: '4627b7a5295284f879a66e25dc10e20a') in 0.003373 seconds 
========================================================================
Received Import Request.
  Time since last request: 2.336803 seconds.
  path: Assets/Resources/platformer/scene/prueba paredes.unity
  artifactKey: Guid(e31fb600d5bdcfc4790419de7284fec3) Importer(815301076,1909f56bfc062723c751e8b465ee728b)
Start importing Assets/Resources/platformer/scene/prueba paredes.unity using Guid(e31fb600d5bdcfc4790419de7284fec3) Importer(815301076,1909f56bfc062723c751e8b465ee728b)  -> (artifact id: 'a9f2af0e1189534c9e9d8a199e1956b9') in 0.009224 seconds 
========================================================================
Received Import Request.
  Time since last request: 1.098497 seconds.
  path: Assets/Resources/platformer/scene/prueba de saltos.unity
  artifactKey: Guid(d02b0762240bf3749a2577ac8cf24120) Importer(815301076,1909f56bfc062723c751e8b465ee728b)
Start importing Assets/Resources/platformer/scene/prueba de saltos.unity using Guid(d02b0762240bf3749a2577ac8cf24120) Importer(815301076,1909f56bfc062723c751e8b465ee728b)  -> (artifact id: '50fb161a5147a1ce04c56d7d9277ebbb') in 0.009806 seconds 
========================================================================
Received Prepare
Registering precompiled user dll's ...
Registered in 0.005475 seconds.
Begin MonoManager ReloadAssembly
Native extension for WindowsStandalone target not found
Refreshing native plugins compatible for Editor in 1.19 ms, found 2 plugins.
Preloading 0 native plugins for Editor in 0.00 ms.
Mono: successfully reloaded assembly
- Completed reload, in  2.150 seconds
Domain Reload Profiling:
	ReloadAssembly (2150ms)
		BeginReloadAssembly (190ms)
			ExecutionOrderSort (0ms)
			DisableScriptedObjects (8ms)
			BackupInstance (0ms)
			ReleaseScriptingObjects (0ms)
			CreateAndSetChildDomain (77ms)
		EndReloadAssembly (1867ms)
			LoadAssemblies (122ms)
			RebuildTransferFunctionScriptingTraits (0ms)
			SetupTypeCache (426ms)
			ReleaseScriptCaches (2ms)
			RebuildScriptCaches (70ms)
			SetupLoadedEditorAssemblies (1112ms)
				LogAssemblyErrors (0ms)
				InitializePlatformSupportModulesInManaged (7ms)
				SetLoadedEditorAssemblies (1ms)
				RefreshPlugins (1ms)
				BeforeProcessingInitializeOnLoad (77ms)
				ProcessInitializeOnLoadAttributes (979ms)
				ProcessInitializeOnLoadMethodAttributes (38ms)
				AfterProcessingInitializeOnLoad (9ms)
				EditorAssembliesLoaded (0ms)
			ExecutionOrderSort2 (0ms)
			AwakeInstancesAfterBackupRestoration (10ms)
Platform modules already initialized, skipping
Refreshing native plugins compatible for Editor in 1.14 ms, found 2 plugins.
Preloading 0 native plugins for Editor in 0.00 ms.
Unloading 2755 Unused Serialized files (Serialized files now loaded: 0)
System memory in use before: 115.6 MB.
System memory in use after: 115.8 MB.

Unloading 51 unused Assets to reduce memory usage. Loaded Objects now: 3216.
Total: 8.676300 ms (FindLiveObjects: 0.335100 ms CreateObjectMapping: 0.322200 ms MarkObjects: 7.971300 ms  DeleteObjects: 0.045700 ms)

AssetImportParameters requested are different than current active one (requested -> active):
  custom:framework-win-MediaFoundation: 216162199b28c13a410421893ffa2e32 -> 
  custom:video-decoder-ogg-theora: a1e56fd34408186e4bbccfd4996cb3dc -> 
  custom:container-muxer-webm: aa71ff27fc2769a1b78a27578f13a17b -> 
  custom:container-demuxer-webm: 4f35f7cbe854078d1ac9338744f61a02 -> 
  custom:container-demuxer-ogg: 62fdf1f143b41e24485cea50d1cbac27 -> 
  custom:video-encoder-webm-vp8: eb34c28f22e8b96e1ab97ce403110664 -> 
  custom:video-codec-MediaFoundation-h265: 746d11721c4dcdbdad8f713fa42b33f4 -> 
  custom:video-decoder-webm-vp8: 9c59270c3fd7afecdb556c50c9e8de78 -> 
  custom:audio-decoder-ogg-vorbis: bf7c407c2cedff20999df2af8eb42d56 -> 
  custom:audio-encoder-webm-vorbis: bf7c407c2cedff20999df2af8eb42d56 -> 
========================================================================
Received Import Request.
  Time since last request: 6.005711 seconds.
  path: Assets/Resources/aventure_time/dialog/dias nublados/t1.asset
  artifactKey: Guid(47c4ff1585bdd044b91541eb72072e1e) Importer(815301076,1909f56bfc062723c751e8b465ee728b)
Start importing Assets/Resources/aventure_time/dialog/dias nublados/t1.asset using Guid(47c4ff1585bdd044b91541eb72072e1e) Importer(815301076,1909f56bfc062723c751e8b465ee728b)  -> (artifact id: '1d79b74587720f01acd721fb6288484c') in 0.016887 seconds 
========================================================================
Received Import Request.
  Time since last request: 0.000253 seconds.
  path: Assets/Resources/aventure_time/dialog/dias nublados/t5.asset
  artifactKey: Guid(e3136e456c84e584994c5cce2b150a6b) Importer(815301076,1909f56bfc062723c751e8b465ee728b)
Start importing Assets/Resources/aventure_time/dialog/dias nublados/t5.asset using Guid(e3136e456c84e584994c5cce2b150a6b) Importer(815301076,1909f56bfc062723c751e8b465ee728b)  -> (artifact id: '821cf175251fe5c795e513ee76a1f6c2') in 0.003161 seconds 
========================================================================
Received Import Request.
  Time since last request: 0.000225 seconds.
  path: Assets/Resources/aventure_time/dialog/dias nublados/t7.asset
  artifactKey: Guid(734eb29621afced4da05283ede8e68c7) Importer(815301076,1909f56bfc062723c751e8b465ee728b)
Start importing Assets/Resources/aventure_time/dialog/dias nublados/t7.asset using Guid(734eb29621afced4da05283ede8e68c7) Importer(815301076,1909f56bfc062723c751e8b465ee728b)  -> (artifact id: '0a749b30260dae1dd7a3700ec6f8893d') in 0.003118 seconds 
========================================================================
Received Import Request.
  Time since last request: 0.000241 seconds.
  path: Assets/Resources/aventure_time/dialog/dias nublados/t2.asset
  artifactKey: Guid(33997f6b626e78f4e8b978b563c30781) Importer(815301076,1909f56bfc062723c751e8b465ee728b)
Start importing Assets/Resources/aventure_time/dialog/dias nublados/t2.asset using Guid(33997f6b626e78f4e8b978b563c30781) Importer(815301076,1909f56bfc062723c751e8b465ee728b)  -> (artifact id: 'af9192c065605843426f5c2e3a1e4176') in 0.002914 seconds 
========================================================================
Received Import Request.
  Time since last request: 0.000237 seconds.
  path: Assets/Resources/aventure_time/dialog/dias nublados/t8.asset
  artifactKey: Guid(a041a8764a23afc47b273d20f8331ce6) Importer(815301076,1909f56bfc062723c751e8b465ee728b)
Start importing Assets/Resources/aventure_time/dialog/dias nublados/t8.asset using Guid(a041a8764a23afc47b273d20f8331ce6) Importer(815301076,1909f56bfc062723c751e8b465ee728b)  -> (artifact id: 'f0b11c63230c12afffab33be6d3ad8a7') in 0.003810 seconds 
========================================================================
Received Import Request.
  Time since last request: 0.000290 seconds.
  path: Assets/Resources/aventure_time/dialog/dias nublados/t4.asset
  artifactKey: Guid(38b36960c33e20f489db8de37d9da19e) Importer(815301076,1909f56bfc062723c751e8b465ee728b)
Start importing Assets/Resources/aventure_time/dialog/dias nublados/t4.asset using Guid(38b36960c33e20f489db8de37d9da19e) Importer(815301076,1909f56bfc062723c751e8b465ee728b)  -> (artifact id: 'bbba2cf2e1bc90f7fc1056b58c150bfe') in 0.004140 seconds 
========================================================================
Received Import Request.
  Time since last request: 0.000276 seconds.
  path: Assets/Resources/aventure_time/dialog/dias nublados/t10.asset
  artifactKey: Guid(b02e788b3d06e40478e1ff6a162e8cdb) Importer(815301076,1909f56bfc062723c751e8b465ee728b)
Start importing Assets/Resources/aventure_time/dialog/dias nublados/t10.asset using Guid(b02e788b3d06e40478e1ff6a162e8cdb) Importer(815301076,1909f56bfc062723c751e8b465ee728b)  -> (artifact id: 'c6adc001f13886849d2f570460ad5386') in 0.003943 seconds 
========================================================================
Received Import Request.
  Time since last request: 0.000226 seconds.
  path: Assets/Resources/aventure_time/dialog/dias nublados/t6.asset
  artifactKey: Guid(b1366eafb671d6841b332b2b16cfd055) Importer(815301076,1909f56bfc062723c751e8b465ee728b)
Start importing Assets/Resources/aventure_time/dialog/dias nublados/t6.asset using Guid(b1366eafb671d6841b332b2b16cfd055) Importer(815301076,1909f56bfc062723c751e8b465ee728b)  -> (artifact id: 'd4cb822cfcbab1e9c0851115b9003fae') in 0.003609 seconds 
========================================================================
Received Import Request.
  Time since last request: 0.000257 seconds.
  path: Assets/Resources/aventure_time/dialog/dias nublados/t3.asset
  artifactKey: Guid(29b04d7bc23da2d48bf3bd5408658854) Importer(815301076,1909f56bfc062723c751e8b465ee728b)
Start importing Assets/Resources/aventure_time/dialog/dias nublados/t3.asset using Guid(29b04d7bc23da2d48bf3bd5408658854) Importer(815301076,1909f56bfc062723c751e8b465ee728b)  -> (artifact id: '37a41ef39dcc0cdcdb138c229760466d') in 0.003686 seconds 
========================================================================
Received Import Request.
  Time since last request: 0.000244 seconds.
  path: Assets/Resources/aventure_time/dialog/dias nublados/t9.asset
  artifactKey: Guid(f70269e17af02e1458a3544ead6a73ff) Importer(815301076,1909f56bfc062723c751e8b465ee728b)
Start importing Assets/Resources/aventure_time/dialog/dias nublados/t9.asset using Guid(f70269e17af02e1458a3544ead6a73ff) Importer(815301076,1909f56bfc062723c751e8b465ee728b)  -> (artifact id: 'b6f6e2039e3f8642813be08fd89658c6') in 0.003045 seconds 
========================================================================
Received Prepare
Registering precompiled user dll's ...
Registered in 0.005839 seconds.
Begin MonoManager ReloadAssembly
Native extension for WindowsStandalone target not found
Refreshing native plugins compatible for Editor in 1.34 ms, found 2 plugins.
Preloading 0 native plugins for Editor in 0.00 ms.
Mono: successfully reloaded assembly
- Completed reload, in  2.172 seconds
Domain Reload Profiling:
	ReloadAssembly (2173ms)
		BeginReloadAssembly (218ms)
			ExecutionOrderSort (0ms)
			DisableScriptedObjects (9ms)
			BackupInstance (0ms)
			ReleaseScriptingObjects (0ms)
			CreateAndSetChildDomain (103ms)
		EndReloadAssembly (1866ms)
			LoadAssemblies (111ms)
			RebuildTransferFunctionScriptingTraits (0ms)
			SetupTypeCache (404ms)
			ReleaseScriptCaches (2ms)
			RebuildScriptCaches (79ms)
			SetupLoadedEditorAssemblies (1135ms)
				LogAssemblyErrors (0ms)
				InitializePlatformSupportModulesInManaged (6ms)
				SetLoadedEditorAssemblies (1ms)
				RefreshPlugins (1ms)
				BeforeProcessingInitializeOnLoad (79ms)
				ProcessInitializeOnLoadAttributes (996ms)
				ProcessInitializeOnLoadMethodAttributes (40ms)
				AfterProcessingInitializeOnLoad (11ms)
				EditorAssembliesLoaded (0ms)
			ExecutionOrderSort2 (0ms)
			AwakeInstancesAfterBackupRestoration (9ms)
Platform modules already initialized, skipping
Refreshing native plugins compatible for Editor in 3.26 ms, found 2 plugins.
Preloading 0 native plugins for Editor in 0.00 ms.
Unloading 2755 Unused Serialized files (Serialized files now loaded: 0)
System memory in use before: 115.7 MB.
System memory in use after: 115.9 MB.

Unloading 51 unused Assets to reduce memory usage. Loaded Objects now: 3219.
Total: 16.945700 ms (FindLiveObjects: 0.367500 ms CreateObjectMapping: 0.102900 ms MarkObjects: 16.416500 ms  DeleteObjects: 0.056100 ms)

AssetImportParameters requested are different than current active one (requested -> active):
  custom:framework-win-MediaFoundation: 216162199b28c13a410421893ffa2e32 -> 
  custom:video-decoder-ogg-theora: a1e56fd34408186e4bbccfd4996cb3dc -> 
  custom:container-muxer-webm: aa71ff27fc2769a1b78a27578f13a17b -> 
  custom:container-demuxer-webm: 4f35f7cbe854078d1ac9338744f61a02 -> 
  custom:container-demuxer-ogg: 62fdf1f143b41e24485cea50d1cbac27 -> 
  custom:video-encoder-webm-vp8: eb34c28f22e8b96e1ab97ce403110664 -> 
  custom:video-codec-MediaFoundation-h265: 746d11721c4dcdbdad8f713fa42b33f4 -> 
  custom:video-decoder-webm-vp8: 9c59270c3fd7afecdb556c50c9e8de78 -> 
  custom:audio-decoder-ogg-vorbis: bf7c407c2cedff20999df2af8eb42d56 -> 
  custom:audio-encoder-webm-vorbis: bf7c407c2cedff20999df2af8eb42d56 -> 
AssetImportWorkerClient::OnTransportError - code=2 error=End of file
